#
# A fatal error has been detected by the Java Runtime Environment:
#
#  EXCEPTION_ACCESS_VIOLATION (0xc0000005) at pc=0x00007ffdece2bf46, pid=35384, tid=29720
#
# JRE version: OpenJDK Runtime Environment Zulu15.38+17-CA (15.0.6+5) (build 15.0.6+5-MTS)
# Java VM: OpenJDK 64-Bit Server VM Zulu15.38+17-CA (15.0.6+5-MTS, mixed mode, sharing, tiered, compressed oops, g1 gc, windows-amd64)
# Problematic frame:
# C  [ntdll.dll+0x4bf46]
#
# No core dump will be written. Minidumps are not enabled by default on client versions of Windows
#
# If you would like to submit a bug report, please visit:
#   http://www.azul.com/support/
# The crash happened outside the Java Virtual Machine in native code.
# See problematic frame for where to report the bug.
#

---------------  S U M M A R Y ------------

Command Line: -Dfile.encoding=windows-1252 -Duser.country=US -Duser.language=en -Duser.variant IndexedTriangle

Host: AMD Ryzen 7 5800X 8-Core Processor             , 16 cores, 31G,  Windows 11 , 64 bit Build 22000 (10.0.22000.1219)
Time: Sun Nov 13 01:15:08 2022 Caucasus Standard Time elapsed time: 0.473623 seconds (0d 0h 0m 0s)

---------------  T H R E A D  ---------------

Current thread (0x00000145384733d0):  JavaThread "main" [_thread_in_native, id=29720, stack(0x00000025be400000,0x00000025be500000)]

Stack: [0x00000025be400000,0x00000025be500000],  sp=0x00000025be4ff0e8,  free space=1020k
Native frames: (J=compiled Java code, j=interpreted, Vv=VM code, C=native code)
C  [ntdll.dll+0x4bf46]

Java frames: (J=compiled Java code, j=interpreted, Vv=VM code)
j  org.lwjgl.system.JNI.invokePPPV(JJJJ)V+0
j  org.lwjgl.glfw.GLFW.nglfwGetMonitorPos(JJJ)V+22
j  org.lwjgl.glfw.GLFW.glfwGetMonitorPos(JLjava/nio/IntBuffer;Ljava/nio/IntBuffer;)V+25
j  IndexedTriangle.loop()V+386
j  IndexedTriangle.run()V+5
j  IndexedTriangle.main([Ljava/lang/String;)V+7
v  ~StubRoutines::call_stub

siginfo: EXCEPTION_ACCESS_VIOLATION (0xc0000005), reading address 0x0000000000022114


Register to memory mapping:

RIP=0x00007ffdece2bf46 ntdll.dll
RAX=0x0 is NULL
RBX=0x00000025be4ff170 is pointing into the stack for thread: 0x00000145384733d0
RCX=0x00000025be4ff110 is pointing into the stack for thread: 0x00000145384733d0
RDX=0x0000000000022114 is an unknown value
RSP=0x00000025be4ff0e8 is pointing into the stack for thread: 0x00000145384733d0
RBP=0x0 is NULL
RSI=0x00000000000000dc is an unknown value
RDI=0x000001456d39f680 points into unknown readable memory: 0x00b0770300000000 | 00 00 00 00 03 77 b0 00
R8 =0x0 is NULL
R9 =0x0000000000000004 is an unknown value
R10=0x00000145409bf148 is at code_begin+1000 in an Interpreter codelet
method entry point (kind = native)  [0x00000145409bed60, 0x00000145409bf7e0]  2688 bytes
R11=0x00000025be4ff170 is pointing into the stack for thread: 0x00000145384733d0
R12=0x00000000ffffffff is an unknown value
R13=0x0 is NULL
R14=0x0 is NULL
R15=0x0000000000000004 is an unknown value


Registers:
RAX=0x0000000000000000, RBX=0x00000025be4ff170, RCX=0x00000025be4ff110, RDX=0x0000000000022114
RSP=0x00000025be4ff0e8, RBP=0x0000000000000000, RSI=0x00000000000000dc, RDI=0x000001456d39f680
R8 =0x0000000000000000, R9 =0x0000000000000004, R10=0x00000145409bf148, R11=0x00000025be4ff170
R12=0x00000000ffffffff, R13=0x0000000000000000, R14=0x0000000000000000, R15=0x0000000000000004
RIP=0x00007ffdece2bf46, EFLAGS=0x0000000000010256

Top of Stack: (sp=0x00000025be4ff0e8)
0x00000025be4ff0e8:   00007ffdec007e86 00000145384733d0
0x00000025be4ff0f8:   00000025be4ff390 00000145409cbeae
0x00000025be4ff108:   00000145409b8a90 0000000000000000
0x00000025be4ff118:   0000000000022114 00000145384733d0
0x00000025be4ff128:   00000025be4ff388 00000145665f2f20
0x00000025be4ff138:   0000000000000000 000001456d39f680
0x00000025be4ff148:   00007ffdba00dd30 000000000002200c
0x00000025be4ff158:   00000000000000dc 000001456d39f790
0x00000025be4ff168:   000001454120599e 0000000000000000
0x00000025be4ff178:   0000000000000000 0000000000000000
0x00000025be4ff188:   0000000000000000 0000000000000000
0x00000025be4ff198:   0000000000000000 0000000000000000
0x00000025be4ff1a8:   0000000000000000 000000dc00000000
0x00000025be4ff1b8:   0000000000000000 0000000000000000
0x00000025be4ff1c8:   0000000000000000 0000000000000000
0x00000025be4ff1d8:   0000000000000000 0000000000000000 

Instructions: (pc=0x00007ffdece2bf46)
0x00007ffdece2be46:   24 d0 00 00 00 48 33 cc e8 2d 74 04 00 4c 8d 9c
0x00007ffdece2be56:   24 e0 00 00 00 49 8b 5b 20 49 8b 73 28 49 8b e3
0x00007ffdece2be66:   5f c3 cc 41 b8 03 00 00 00 48 8d 4c 24 20 48 8b
0x00007ffdece2be76:   d6 e8 04 01 00 00 85 c0 40 0f 99 c7 40 8a c7 eb
0x00007ffdece2be86:   bc e8 94 75 04 00 cc cc cc cc cc cc cc cc 48 8b
0x00007ffdece2be96:   c4 48 89 58 08 48 89 68 10 48 89 70 18 48 89 78
0x00007ffdece2bea6:   20 41 56 48 83 ec 20 45 33 f6 48 8b f2 48 8b d9
0x00007ffdece2beb6:   48 85 c9 74 42 48 85 d2 74 3d 41 8b fe 66 44 3b
0x00007ffdece2bec6:   71 06 73 33 41 8b ee 48 8b 43 10 48 0f bf 0c 28
0x00007ffdece2bed6:   48 8b 43 18 48 8d 0c 48 48 3b ce 74 1f 48 8b d6
0x00007ffdece2bee6:   e8 35 92 04 00 85 c0 74 13 0f b7 43 06 ff c7 48
0x00007ffdece2bef6:   83 c5 02 3b f8 7c d0 83 c8 ff eb 02 8b c7 48 8b
0x00007ffdece2bf06:   5c 24 30 48 8b 6c 24 38 48 8b 74 24 40 48 8b 7c
0x00007ffdece2bf16:   24 48 48 83 c4 20 41 5e c3 cc cc cc cc cc cc cc
0x00007ffdece2bf26:   cc cc 71 8b d2 18 d3 8f ed dc 45 33 c0 4c 89 01
0x00007ffdece2bf36:   48 89 51 08 48 85 d2 74 2b 48 83 c8 ff 48 ff c0
0x00007ffdece2bf46:   66 44 39 04 42 75 f6 48 03 c0 ba fc ff 00 00 48
0x00007ffdece2bf56:   3d fe ff 00 00 48 0f 43 c2 66 89 01 66 83 c0 02
0x00007ffdece2bf66:   66 89 41 02 c3 cc cc cc cc cc cc cc cc cc cc cc
0x00007ffdece2bf76:   cc cc 71 69 d8 58 5c 87 85 cc 48 89 5c 24 08 48
0x00007ffdece2bf86:   89 6c 24 10 48 89 74 24 18 57 48 83 ec 20 41 8b
0x00007ffdece2bf96:   e8 48 8b da 48 8b f1 48 85 c9 74 71 48 85 d2 0f
0x00007ffdece2bfa6:   84 27 75 07 00 41 f7 c0 fc ff ff ff 75 66 48 8b
0x00007ffdece2bfb6:   3d d5 ea 12 00 48 85 ff 0f 84 18 75 07 00 48 8b
0x00007ffdece2bfc6:   ce e8 5c 00 00 00 85 c0 78 33 48 63 d0 40 f6 c5
0x00007ffdece2bfd6:   02 0f 84 18 75 07 00 48 8b 47 18 8b 4c d0 04 0f
0x00007ffdece2bfe6:   ba f1 1f 89 0b 33 c0 48 8b 5c 24 30 48 8b 6c 24
0x00007ffdece2bff6:   38 48 8b 74 24 40 48 83 c4 20 5f c3 cc 48 8b ce
0x00007ffdece2c006:   e8 65 34 04 00 84 c0 0f 85 13 75 07 00 b8 ef 00
0x00007ffdece2c016:   00 c0 eb d3 b8 f1 00 00 c0 eb cc cc cc cc cc cc
0x00007ffdece2c026:   cc cc 48 8b c4 48 89 58 08 48 89 68 10 48 89 70
0x00007ffdece2c036:   18 48 89 78 20 41 56 48 83 ec 20 48 8b 05 48 ea 


Stack slot to memory mapping:
stack at sp + 0 slots: 0x00007ffdec007e86 USER32.dll
stack at sp + 1 slots: 0x00000145384733d0 is a thread
stack at sp + 2 slots: 0x00000025be4ff390 is pointing into the stack for thread: 0x00000145384733d0
stack at sp + 3 slots: 0x00000145409cbeae is at code_begin+110 in an Interpreter codelet
getstatic  178 getstatic  [0x00000145409cbe40, 0x00000145409cc080]  576 bytes
stack at sp + 4 slots: 0x00000145409b8a90 is at code_begin+-112 in 
[CodeBlob (0x00000145409b8a90)]
Framesize: 0
BufferBlob (0x00000145409b8a90) used for Interpreter
stack at sp + 5 slots: 0x0 is NULL
stack at sp + 6 slots: 0x0000000000022114 is an unknown value
stack at sp + 7 slots: 0x00000145384733d0 is a thread


---------------  P R O C E S S  ---------------

Threads class SMR info:
_java_thread_list=0x0000014566ae1990, length=13, elements={
0x00000145384733d0, 0x00000145660d4860, 0x00000145660d7320, 0x00000145660f2f30,
0x00000145660f39e0, 0x00000145660f63a0, 0x00000145660f9140, 0x0000014566124950,
0x00000145669b9fb0, 0x00000145669b0760, 0x0000014566ad3af0, 0x0000014566aec8a0,
0x0000014566af1230
}

Java Threads: ( => current thread )
=>0x00000145384733d0 JavaThread "main" [_thread_in_native, id=29720, stack(0x00000025be400000,0x00000025be500000)]
  0x00000145660d4860 JavaThread "Reference Handler" daemon [_thread_blocked, id=34204, stack(0x00000025beb00000,0x00000025bec00000)]
  0x00000145660d7320 JavaThread "Finalizer" daemon [_thread_blocked, id=35468, stack(0x00000025bec00000,0x00000025bed00000)]
  0x00000145660f2f30 JavaThread "Signal Dispatcher" daemon [_thread_blocked, id=20000, stack(0x00000025bed00000,0x00000025bee00000)]
  0x00000145660f39e0 JavaThread "Attach Listener" daemon [_thread_blocked, id=15112, stack(0x00000025bee00000,0x00000025bef00000)]
  0x00000145660f63a0 JavaThread "Service Thread" daemon [_thread_blocked, id=18888, stack(0x00000025bef00000,0x00000025bf000000)]
  0x00000145660f9140 JavaThread "C2 CompilerThread0" daemon [_thread_blocked, id=26476, stack(0x00000025bf000000,0x00000025bf100000)]
  0x0000014566124950 JavaThread "C1 CompilerThread0" daemon [_thread_blocked, id=4220, stack(0x00000025bf100000,0x00000025bf200000)]
  0x00000145669b9fb0 JavaThread "Sweeper thread" daemon [_thread_blocked, id=27120, stack(0x00000025bf200000,0x00000025bf300000)]
  0x00000145669b0760 JavaThread "C1 CompilerThread1" daemon [_thread_blocked, id=35256, stack(0x00000025bf300000,0x00000025bf400000)]
  0x0000014566ad3af0 JavaThread "C1 CompilerThread2" daemon [_thread_blocked, id=26820, stack(0x00000025bf400000,0x00000025bf500000)]
  0x0000014566aec8a0 JavaThread "Notification Thread" daemon [_thread_blocked, id=27984, stack(0x00000025bf500000,0x00000025bf600000)]
  0x0000014566af1230 JavaThread "Common-Cleaner" daemon [_thread_blocked, id=32588, stack(0x00000025bf700000,0x00000025bf800000)]

Other Threads:
  0x00000145660d1330 VMThread "VM Thread" [stack: 0x00000025bea00000,0x00000025beb00000] [id=22904]
  0x0000014566af0d80 WatcherThread [stack: 0x00000025bf600000,0x00000025bf700000] [id=32384]
  0x00000145384e5f30 GCTaskThread "GC Thread#0" [stack: 0x00000025be500000,0x00000025be600000] [id=29016]
  0x00000145384f7270 ConcurrentGCThread "G1 Main Marker" [stack: 0x00000025be600000,0x00000025be700000] [id=31832]
  0x00000145384f96b0 ConcurrentGCThread "G1 Conc#0" [stack: 0x00000025be700000,0x00000025be800000] [id=8968]
  0x000001453854d3a0 ConcurrentGCThread "G1 Refine#0" [stack: 0x00000025be800000,0x00000025be900000] [id=34532]
  0x000001453854dce0 ConcurrentGCThread "G1 Young RemSet Sampling" [stack: 0x00000025be900000,0x00000025bea00000] [id=3656]

Threads with active compile tasks:

VM state: not at safepoint (normal execution)

VM Mutex/Monitor currently owned by a thread: None

Heap address: 0x0000000601c00000, size: 8164 MB, Compressed Oops mode: Zero based, Oop shift amount: 3
CDS archive(s) mapped at: [0x0000000800000000-0x0000000800b70000-0x0000000800b70000), size 11993088, SharedBaseAddress: 0x0000000800000000, ArchiveRelocationMode: 0.
Compressed class space mapped at: 0x0000000800b70000-0x0000000840b70000, size: 1073741824
Narrow klass base: 0x0000000800000000, Narrow klass shift: 3, Narrow klass range: 0x100000000

GC Precious Log:
 CPUs: 16 total, 16 available
 Memory: 32649M
 Large Page Support: Disabled
 NUMA Support: Disabled
 Compressed Oops: Enabled (Zero based)
 Heap Region Size: 4M
 Heap Min Capacity: 8M
 Heap Initial Capacity: 512M
 Heap Max Capacity: 8164M
 Pre-touch: Disabled
 Parallel Workers: 13
 Concurrent Workers: 3
 Concurrent Refinement Workers: 13
 Periodic GC: Disabled

Heap:
 garbage-first heap   total 524288K, used 8192K [0x0000000601c00000, 0x0000000800000000)
  region size 4096K, 3 young (12288K), 0 survivors (0K)
 Metaspace       used 5719K, capacity 8823K, committed 9088K, reserved 1058816K
  class space    used 270K, capacity 581K, committed 640K, reserved 1048576K

Heap Regions: E=young(eden), S=young(survivor), O=old, HS=humongous(starts), HC=humongous(continues), CS=collection set, F=free, OA=open archive, CA=closed archive, TAMS=top-at-mark-start (previous, next)
|   0|0x0000000601c00000, 0x0000000601c00000, 0x0000000602000000|  0%| F|  |TAMS 0x0000000601c00000, 0x0000000601c00000| Untracked 
|   1|0x0000000602000000, 0x0000000602000000, 0x0000000602400000|  0%| F|  |TAMS 0x0000000602000000, 0x0000000602000000| Untracked 
|   2|0x0000000602400000, 0x0000000602400000, 0x0000000602800000|  0%| F|  |TAMS 0x0000000602400000, 0x0000000602400000| Untracked 
|   3|0x0000000602800000, 0x0000000602800000, 0x0000000602c00000|  0%| F|  |TAMS 0x0000000602800000, 0x0000000602800000| Untracked 
|   4|0x0000000602c00000, 0x0000000602c00000, 0x0000000603000000|  0%| F|  |TAMS 0x0000000602c00000, 0x0000000602c00000| Untracked 
|   5|0x0000000603000000, 0x0000000603000000, 0x0000000603400000|  0%| F|  |TAMS 0x0000000603000000, 0x0000000603000000| Untracked 
|   6|0x0000000603400000, 0x0000000603400000, 0x0000000603800000|  0%| F|  |TAMS 0x0000000603400000, 0x0000000603400000| Untracked 
|   7|0x0000000603800000, 0x0000000603800000, 0x0000000603c00000|  0%| F|  |TAMS 0x0000000603800000, 0x0000000603800000| Untracked 
|   8|0x0000000603c00000, 0x0000000603c00000, 0x0000000604000000|  0%| F|  |TAMS 0x0000000603c00000, 0x0000000603c00000| Untracked 
|   9|0x0000000604000000, 0x0000000604000000, 0x0000000604400000|  0%| F|  |TAMS 0x0000000604000000, 0x0000000604000000| Untracked 
|  10|0x0000000604400000, 0x0000000604400000, 0x0000000604800000|  0%| F|  |TAMS 0x0000000604400000, 0x0000000604400000| Untracked 
|  11|0x0000000604800000, 0x0000000604800000, 0x0000000604c00000|  0%| F|  |TAMS 0x0000000604800000, 0x0000000604800000| Untracked 
|  12|0x0000000604c00000, 0x0000000604c00000, 0x0000000605000000|  0%| F|  |TAMS 0x0000000604c00000, 0x0000000604c00000| Untracked 
|  13|0x0000000605000000, 0x0000000605000000, 0x0000000605400000|  0%| F|  |TAMS 0x0000000605000000, 0x0000000605000000| Untracked 
|  14|0x0000000605400000, 0x0000000605400000, 0x0000000605800000|  0%| F|  |TAMS 0x0000000605400000, 0x0000000605400000| Untracked 
|  15|0x0000000605800000, 0x0000000605800000, 0x0000000605c00000|  0%| F|  |TAMS 0x0000000605800000, 0x0000000605800000| Untracked 
|  16|0x0000000605c00000, 0x0000000605c00000, 0x0000000606000000|  0%| F|  |TAMS 0x0000000605c00000, 0x0000000605c00000| Untracked 
|  17|0x0000000606000000, 0x0000000606000000, 0x0000000606400000|  0%| F|  |TAMS 0x0000000606000000, 0x0000000606000000| Untracked 
|  18|0x0000000606400000, 0x0000000606400000, 0x0000000606800000|  0%| F|  |TAMS 0x0000000606400000, 0x0000000606400000| Untracked 
|  19|0x0000000606800000, 0x0000000606800000, 0x0000000606c00000|  0%| F|  |TAMS 0x0000000606800000, 0x0000000606800000| Untracked 
|  20|0x0000000606c00000, 0x0000000606c00000, 0x0000000607000000|  0%| F|  |TAMS 0x0000000606c00000, 0x0000000606c00000| Untracked 
|  21|0x0000000607000000, 0x0000000607000000, 0x0000000607400000|  0%| F|  |TAMS 0x0000000607000000, 0x0000000607000000| Untracked 
|  22|0x0000000607400000, 0x0000000607400000, 0x0000000607800000|  0%| F|  |TAMS 0x0000000607400000, 0x0000000607400000| Untracked 
|  23|0x0000000607800000, 0x0000000607800000, 0x0000000607c00000|  0%| F|  |TAMS 0x0000000607800000, 0x0000000607800000| Untracked 
|  24|0x0000000607c00000, 0x0000000607c00000, 0x0000000608000000|  0%| F|  |TAMS 0x0000000607c00000, 0x0000000607c00000| Untracked 
|  25|0x0000000608000000, 0x0000000608000000, 0x0000000608400000|  0%| F|  |TAMS 0x0000000608000000, 0x0000000608000000| Untracked 
|  26|0x0000000608400000, 0x0000000608400000, 0x0000000608800000|  0%| F|  |TAMS 0x0000000608400000, 0x0000000608400000| Untracked 
|  27|0x0000000608800000, 0x0000000608800000, 0x0000000608c00000|  0%| F|  |TAMS 0x0000000608800000, 0x0000000608800000| Untracked 
|  28|0x0000000608c00000, 0x0000000608c00000, 0x0000000609000000|  0%| F|  |TAMS 0x0000000608c00000, 0x0000000608c00000| Untracked 
|  29|0x0000000609000000, 0x0000000609000000, 0x0000000609400000|  0%| F|  |TAMS 0x0000000609000000, 0x0000000609000000| Untracked 
|  30|0x0000000609400000, 0x0000000609400000, 0x0000000609800000|  0%| F|  |TAMS 0x0000000609400000, 0x0000000609400000| Untracked 
|  31|0x0000000609800000, 0x0000000609800000, 0x0000000609c00000|  0%| F|  |TAMS 0x0000000609800000, 0x0000000609800000| Untracked 
|  32|0x0000000609c00000, 0x0000000609c00000, 0x000000060a000000|  0%| F|  |TAMS 0x0000000609c00000, 0x0000000609c00000| Untracked 
|  33|0x000000060a000000, 0x000000060a000000, 0x000000060a400000|  0%| F|  |TAMS 0x000000060a000000, 0x000000060a000000| Untracked 
|  34|0x000000060a400000, 0x000000060a400000, 0x000000060a800000|  0%| F|  |TAMS 0x000000060a400000, 0x000000060a400000| Untracked 
|  35|0x000000060a800000, 0x000000060a800000, 0x000000060ac00000|  0%| F|  |TAMS 0x000000060a800000, 0x000000060a800000| Untracked 
|  36|0x000000060ac00000, 0x000000060ac00000, 0x000000060b000000|  0%| F|  |TAMS 0x000000060ac00000, 0x000000060ac00000| Untracked 
|  37|0x000000060b000000, 0x000000060b000000, 0x000000060b400000|  0%| F|  |TAMS 0x000000060b000000, 0x000000060b000000| Untracked 
|  38|0x000000060b400000, 0x000000060b400000, 0x000000060b800000|  0%| F|  |TAMS 0x000000060b400000, 0x000000060b400000| Untracked 
|  39|0x000000060b800000, 0x000000060b800000, 0x000000060bc00000|  0%| F|  |TAMS 0x000000060b800000, 0x000000060b800000| Untracked 
|  40|0x000000060bc00000, 0x000000060bc00000, 0x000000060c000000|  0%| F|  |TAMS 0x000000060bc00000, 0x000000060bc00000| Untracked 
|  41|0x000000060c000000, 0x000000060c000000, 0x000000060c400000|  0%| F|  |TAMS 0x000000060c000000, 0x000000060c000000| Untracked 
|  42|0x000000060c400000, 0x000000060c400000, 0x000000060c800000|  0%| F|  |TAMS 0x000000060c400000, 0x000000060c400000| Untracked 
|  43|0x000000060c800000, 0x000000060c800000, 0x000000060cc00000|  0%| F|  |TAMS 0x000000060c800000, 0x000000060c800000| Untracked 
|  44|0x000000060cc00000, 0x000000060cc00000, 0x000000060d000000|  0%| F|  |TAMS 0x000000060cc00000, 0x000000060cc00000| Untracked 
|  45|0x000000060d000000, 0x000000060d000000, 0x000000060d400000|  0%| F|  |TAMS 0x000000060d000000, 0x000000060d000000| Untracked 
|  46|0x000000060d400000, 0x000000060d400000, 0x000000060d800000|  0%| F|  |TAMS 0x000000060d400000, 0x000000060d400000| Untracked 
|  47|0x000000060d800000, 0x000000060d800000, 0x000000060dc00000|  0%| F|  |TAMS 0x000000060d800000, 0x000000060d800000| Untracked 
|  48|0x000000060dc00000, 0x000000060dc00000, 0x000000060e000000|  0%| F|  |TAMS 0x000000060dc00000, 0x000000060dc00000| Untracked 
|  49|0x000000060e000000, 0x000000060e000000, 0x000000060e400000|  0%| F|  |TAMS 0x000000060e000000, 0x000000060e000000| Untracked 
|  50|0x000000060e400000, 0x000000060e400000, 0x000000060e800000|  0%| F|  |TAMS 0x000000060e400000, 0x000000060e400000| Untracked 
|  51|0x000000060e800000, 0x000000060e800000, 0x000000060ec00000|  0%| F|  |TAMS 0x000000060e800000, 0x000000060e800000| Untracked 
|  52|0x000000060ec00000, 0x000000060ec00000, 0x000000060f000000|  0%| F|  |TAMS 0x000000060ec00000, 0x000000060ec00000| Untracked 
|  53|0x000000060f000000, 0x000000060f000000, 0x000000060f400000|  0%| F|  |TAMS 0x000000060f000000, 0x000000060f000000| Untracked 
|  54|0x000000060f400000, 0x000000060f400000, 0x000000060f800000|  0%| F|  |TAMS 0x000000060f400000, 0x000000060f400000| Untracked 
|  55|0x000000060f800000, 0x000000060f800000, 0x000000060fc00000|  0%| F|  |TAMS 0x000000060f800000, 0x000000060f800000| Untracked 
|  56|0x000000060fc00000, 0x000000060fc00000, 0x0000000610000000|  0%| F|  |TAMS 0x000000060fc00000, 0x000000060fc00000| Untracked 
|  57|0x0000000610000000, 0x0000000610000000, 0x0000000610400000|  0%| F|  |TAMS 0x0000000610000000, 0x0000000610000000| Untracked 
|  58|0x0000000610400000, 0x0000000610400000, 0x0000000610800000|  0%| F|  |TAMS 0x0000000610400000, 0x0000000610400000| Untracked 
|  59|0x0000000610800000, 0x0000000610800000, 0x0000000610c00000|  0%| F|  |TAMS 0x0000000610800000, 0x0000000610800000| Untracked 
|  60|0x0000000610c00000, 0x0000000610c00000, 0x0000000611000000|  0%| F|  |TAMS 0x0000000610c00000, 0x0000000610c00000| Untracked 
|  61|0x0000000611000000, 0x0000000611000000, 0x0000000611400000|  0%| F|  |TAMS 0x0000000611000000, 0x0000000611000000| Untracked 
|  62|0x0000000611400000, 0x0000000611400000, 0x0000000611800000|  0%| F|  |TAMS 0x0000000611400000, 0x0000000611400000| Untracked 
|  63|0x0000000611800000, 0x0000000611800000, 0x0000000611c00000|  0%| F|  |TAMS 0x0000000611800000, 0x0000000611800000| Untracked 
|  64|0x0000000611c00000, 0x0000000611c00000, 0x0000000612000000|  0%| F|  |TAMS 0x0000000611c00000, 0x0000000611c00000| Untracked 
|  65|0x0000000612000000, 0x0000000612000000, 0x0000000612400000|  0%| F|  |TAMS 0x0000000612000000, 0x0000000612000000| Untracked 
|  66|0x0000000612400000, 0x0000000612400000, 0x0000000612800000|  0%| F|  |TAMS 0x0000000612400000, 0x0000000612400000| Untracked 
|  67|0x0000000612800000, 0x0000000612800000, 0x0000000612c00000|  0%| F|  |TAMS 0x0000000612800000, 0x0000000612800000| Untracked 
|  68|0x0000000612c00000, 0x0000000612c00000, 0x0000000613000000|  0%| F|  |TAMS 0x0000000612c00000, 0x0000000612c00000| Untracked 
|  69|0x0000000613000000, 0x0000000613000000, 0x0000000613400000|  0%| F|  |TAMS 0x0000000613000000, 0x0000000613000000| Untracked 
|  70|0x0000000613400000, 0x0000000613400000, 0x0000000613800000|  0%| F|  |TAMS 0x0000000613400000, 0x0000000613400000| Untracked 
|  71|0x0000000613800000, 0x0000000613800000, 0x0000000613c00000|  0%| F|  |TAMS 0x0000000613800000, 0x0000000613800000| Untracked 
|  72|0x0000000613c00000, 0x0000000613c00000, 0x0000000614000000|  0%| F|  |TAMS 0x0000000613c00000, 0x0000000613c00000| Untracked 
|  73|0x0000000614000000, 0x0000000614000000, 0x0000000614400000|  0%| F|  |TAMS 0x0000000614000000, 0x0000000614000000| Untracked 
|  74|0x0000000614400000, 0x0000000614400000, 0x0000000614800000|  0%| F|  |TAMS 0x0000000614400000, 0x0000000614400000| Untracked 
|  75|0x0000000614800000, 0x0000000614800000, 0x0000000614c00000|  0%| F|  |TAMS 0x0000000614800000, 0x0000000614800000| Untracked 
|  76|0x0000000614c00000, 0x0000000614c00000, 0x0000000615000000|  0%| F|  |TAMS 0x0000000614c00000, 0x0000000614c00000| Untracked 
|  77|0x0000000615000000, 0x0000000615000000, 0x0000000615400000|  0%| F|  |TAMS 0x0000000615000000, 0x0000000615000000| Untracked 
|  78|0x0000000615400000, 0x0000000615400000, 0x0000000615800000|  0%| F|  |TAMS 0x0000000615400000, 0x0000000615400000| Untracked 
|  79|0x0000000615800000, 0x0000000615800000, 0x0000000615c00000|  0%| F|  |TAMS 0x0000000615800000, 0x0000000615800000| Untracked 
|  80|0x0000000615c00000, 0x0000000615c00000, 0x0000000616000000|  0%| F|  |TAMS 0x0000000615c00000, 0x0000000615c00000| Untracked 
|  81|0x0000000616000000, 0x0000000616000000, 0x0000000616400000|  0%| F|  |TAMS 0x0000000616000000, 0x0000000616000000| Untracked 
|  82|0x0000000616400000, 0x0000000616400000, 0x0000000616800000|  0%| F|  |TAMS 0x0000000616400000, 0x0000000616400000| Untracked 
|  83|0x0000000616800000, 0x0000000616800000, 0x0000000616c00000|  0%| F|  |TAMS 0x0000000616800000, 0x0000000616800000| Untracked 
|  84|0x0000000616c00000, 0x0000000616c00000, 0x0000000617000000|  0%| F|  |TAMS 0x0000000616c00000, 0x0000000616c00000| Untracked 
|  85|0x0000000617000000, 0x0000000617000000, 0x0000000617400000|  0%| F|  |TAMS 0x0000000617000000, 0x0000000617000000| Untracked 
|  86|0x0000000617400000, 0x0000000617400000, 0x0000000617800000|  0%| F|  |TAMS 0x0000000617400000, 0x0000000617400000| Untracked 
|  87|0x0000000617800000, 0x0000000617800000, 0x0000000617c00000|  0%| F|  |TAMS 0x0000000617800000, 0x0000000617800000| Untracked 
|  88|0x0000000617c00000, 0x0000000617c00000, 0x0000000618000000|  0%| F|  |TAMS 0x0000000617c00000, 0x0000000617c00000| Untracked 
|  89|0x0000000618000000, 0x0000000618000000, 0x0000000618400000|  0%| F|  |TAMS 0x0000000618000000, 0x0000000618000000| Untracked 
|  90|0x0000000618400000, 0x0000000618400000, 0x0000000618800000|  0%| F|  |TAMS 0x0000000618400000, 0x0000000618400000| Untracked 
|  91|0x0000000618800000, 0x0000000618800000, 0x0000000618c00000|  0%| F|  |TAMS 0x0000000618800000, 0x0000000618800000| Untracked 
|  92|0x0000000618c00000, 0x0000000618c00000, 0x0000000619000000|  0%| F|  |TAMS 0x0000000618c00000, 0x0000000618c00000| Untracked 
|  93|0x0000000619000000, 0x0000000619000000, 0x0000000619400000|  0%| F|  |TAMS 0x0000000619000000, 0x0000000619000000| Untracked 
|  94|0x0000000619400000, 0x0000000619400000, 0x0000000619800000|  0%| F|  |TAMS 0x0000000619400000, 0x0000000619400000| Untracked 
|  95|0x0000000619800000, 0x0000000619800000, 0x0000000619c00000|  0%| F|  |TAMS 0x0000000619800000, 0x0000000619800000| Untracked 
|  96|0x0000000619c00000, 0x0000000619c00000, 0x000000061a000000|  0%| F|  |TAMS 0x0000000619c00000, 0x0000000619c00000| Untracked 
|  97|0x000000061a000000, 0x000000061a000000, 0x000000061a400000|  0%| F|  |TAMS 0x000000061a000000, 0x000000061a000000| Untracked 
|  98|0x000000061a400000, 0x000000061a400000, 0x000000061a800000|  0%| F|  |TAMS 0x000000061a400000, 0x000000061a400000| Untracked 
|  99|0x000000061a800000, 0x000000061a800000, 0x000000061ac00000|  0%| F|  |TAMS 0x000000061a800000, 0x000000061a800000| Untracked 
| 100|0x000000061ac00000, 0x000000061ac00000, 0x000000061b000000|  0%| F|  |TAMS 0x000000061ac00000, 0x000000061ac00000| Untracked 
| 101|0x000000061b000000, 0x000000061b000000, 0x000000061b400000|  0%| F|  |TAMS 0x000000061b000000, 0x000000061b000000| Untracked 
| 102|0x000000061b400000, 0x000000061b400000, 0x000000061b800000|  0%| F|  |TAMS 0x000000061b400000, 0x000000061b400000| Untracked 
| 103|0x000000061b800000, 0x000000061b800000, 0x000000061bc00000|  0%| F|  |TAMS 0x000000061b800000, 0x000000061b800000| Untracked 
| 104|0x000000061bc00000, 0x000000061bc00000, 0x000000061c000000|  0%| F|  |TAMS 0x000000061bc00000, 0x000000061bc00000| Untracked 
| 105|0x000000061c000000, 0x000000061c000000, 0x000000061c400000|  0%| F|  |TAMS 0x000000061c000000, 0x000000061c000000| Untracked 
| 106|0x000000061c400000, 0x000000061c400000, 0x000000061c800000|  0%| F|  |TAMS 0x000000061c400000, 0x000000061c400000| Untracked 
| 107|0x000000061c800000, 0x000000061c800000, 0x000000061cc00000|  0%| F|  |TAMS 0x000000061c800000, 0x000000061c800000| Untracked 
| 108|0x000000061cc00000, 0x000000061cc00000, 0x000000061d000000|  0%| F|  |TAMS 0x000000061cc00000, 0x000000061cc00000| Untracked 
| 109|0x000000061d000000, 0x000000061d000000, 0x000000061d400000|  0%| F|  |TAMS 0x000000061d000000, 0x000000061d000000| Untracked 
| 110|0x000000061d400000, 0x000000061d400000, 0x000000061d800000|  0%| F|  |TAMS 0x000000061d400000, 0x000000061d400000| Untracked 
| 111|0x000000061d800000, 0x000000061d800000, 0x000000061dc00000|  0%| F|  |TAMS 0x000000061d800000, 0x000000061d800000| Untracked 
| 112|0x000000061dc00000, 0x000000061dc00000, 0x000000061e000000|  0%| F|  |TAMS 0x000000061dc00000, 0x000000061dc00000| Untracked 
| 113|0x000000061e000000, 0x000000061e000000, 0x000000061e400000|  0%| F|  |TAMS 0x000000061e000000, 0x000000061e000000| Untracked 
| 114|0x000000061e400000, 0x000000061e400000, 0x000000061e800000|  0%| F|  |TAMS 0x000000061e400000, 0x000000061e400000| Untracked 
| 115|0x000000061e800000, 0x000000061e800000, 0x000000061ec00000|  0%| F|  |TAMS 0x000000061e800000, 0x000000061e800000| Untracked 
| 116|0x000000061ec00000, 0x000000061ec00000, 0x000000061f000000|  0%| F|  |TAMS 0x000000061ec00000, 0x000000061ec00000| Untracked 
| 117|0x000000061f000000, 0x000000061f000000, 0x000000061f400000|  0%| F|  |TAMS 0x000000061f000000, 0x000000061f000000| Untracked 
| 118|0x000000061f400000, 0x000000061f400000, 0x000000061f800000|  0%| F|  |TAMS 0x000000061f400000, 0x000000061f400000| Untracked 
| 119|0x000000061f800000, 0x000000061f800000, 0x000000061fc00000|  0%| F|  |TAMS 0x000000061f800000, 0x000000061f800000| Untracked 
| 120|0x000000061fc00000, 0x000000061fc00000, 0x0000000620000000|  0%| F|  |TAMS 0x000000061fc00000, 0x000000061fc00000| Untracked 
| 121|0x0000000620000000, 0x0000000620000000, 0x0000000620400000|  0%| F|  |TAMS 0x0000000620000000, 0x0000000620000000| Untracked 
| 122|0x0000000620400000, 0x0000000620400000, 0x0000000620800000|  0%| F|  |TAMS 0x0000000620400000, 0x0000000620400000| Untracked 
| 123|0x0000000620800000, 0x0000000620800000, 0x0000000620c00000|  0%| F|  |TAMS 0x0000000620800000, 0x0000000620800000| Untracked 
| 124|0x0000000620c00000, 0x0000000620c00000, 0x0000000621000000|  0%| F|  |TAMS 0x0000000620c00000, 0x0000000620c00000| Untracked 
| 125|0x0000000621000000, 0x0000000621400000, 0x0000000621400000|100%| E|  |TAMS 0x0000000621000000, 0x0000000621000000| Complete 
| 126|0x0000000621400000, 0x0000000621800000, 0x0000000621800000|100%| E|CS|TAMS 0x0000000621400000, 0x0000000621400000| Complete 
| 127|0x0000000621800000, 0x0000000621c00000, 0x0000000621c00000|100%| E|CS|TAMS 0x0000000621800000, 0x0000000621800000| Complete 

Card table byte_map: [0x0000014551230000,0x0000014552230000] _byte_map_base: 0x000001454e222000

Marking Bits (Prev, Next): (CMBitMap*) 0x00000145384e67a0, (CMBitMap*) 0x00000145384e67e0
 Prev Bits: [0x0000014553230000, 0x000001455b1c0000)
 Next Bits: [0x000001455b1c0000, 0x0000014563150000)

Polling page: 0x00000145363d0000

Metaspace:

Usage:
  Non-class:      8.05 MB capacity,     5.32 MB ( 66%) used,     2.72 MB ( 34%) free+waste,     7.38 KB ( <1%) overhead. 
      Class:    581.00 KB capacity,   270.80 KB ( 47%) used,   307.83 KB ( 53%) free+waste,     2.38 KB ( <1%) overhead. 
       Both:      8.62 MB capacity,     5.59 MB ( 65%) used,     3.02 MB ( 35%) free+waste,     9.75 KB ( <1%) overhead. 

Virtual space:
  Non-class space:       10.00 MB reserved,       8.25 MB ( 83%) committed 
      Class space:        1.00 GB reserved,     640.00 KB ( <1%) committed 
             Both:        1.01 GB reserved,       8.88 MB ( <1%) committed 

Chunk freelists:
   Non-Class:  78.00 KB
       Class:  27.00 KB
        Both:  105.00 KB

MaxMetaspaceSize: 17179869184.00 GB
CompressedClassSpaceSize: 1.00 GB

CodeHeap 'non-profiled nmethods': size=119168Kb used=193Kb max_used=193Kb free=118974Kb
 bounds [0x0000014548550000, 0x00000145487c0000, 0x000001454f9b0000]
CodeHeap 'profiled nmethods': size=119104Kb used=1070Kb max_used=1070Kb free=118033Kb
 bounds [0x0000014541100000, 0x0000014541370000, 0x0000014548550000]
CodeHeap 'non-nmethods': size=7488Kb used=2754Kb max_used=2769Kb free=4733Kb
 bounds [0x00000145409b0000, 0x0000014540c70000, 0x0000014541100000]
 total_blobs=1712 nmethods=684 adapters=939
 compilation: enabled
              stopped_count=0, restarted_count=0
 full_count=0

Compilation events (20 events):
Event: 0.464 Thread 0x00000145669b0760  675       3       java.security.CodeSource::getCertificates (98 bytes)
Event: 0.464 Thread 0x00000145669b0760 nmethod 675 0x0000014541209190 code [0x0000014541209400, 0x0000014541209fb8]
Event: 0.465 Thread 0x0000014566ad3af0  676  s    3       jdk.internal.loader.Resource::cachedInputStream (20 bytes)
Event: 0.465 Thread 0x0000014566ad3af0 nmethod 676 0x000001454120a290 code [0x000001454120a440, 0x000001454120a768]
Event: 0.466 Thread 0x00000145660f9140  677       4       java.lang.AbstractStringBuilder::append (45 bytes)
Event: 0.466 Thread 0x0000014566ad3af0  678       3       jdk.internal.access.SharedSecrets::javaUtilJarAccess (15 bytes)
Event: 0.466 Thread 0x0000014566ad3af0 nmethod 678 0x000001454120a810 code [0x000001454120aa00, 0x000001454120ada8]
Event: 0.466 Thread 0x0000014566ad3af0  679       1       java.util.jar.Manifest::getEntries (5 bytes)
Event: 0.466 Thread 0x00000145669b0760  680       1       java.util.jar.Manifest::getMainAttributes (5 bytes)
Event: 0.466 Thread 0x0000014566ad3af0 nmethod 679 0x000001454857f090 code [0x000001454857f220, 0x000001454857f2d8]
Event: 0.466 Thread 0x0000014566ad3af0  681       1       java.util.zip.ZipEntry::getCrc (5 bytes)
Event: 0.466 Thread 0x00000145669b0760 nmethod 680 0x000001454857f390 code [0x000001454857f520, 0x000001454857f5d8]
Event: 0.466 Thread 0x0000014566ad3af0 nmethod 681 0x000001454857f690 code [0x000001454857f820, 0x000001454857f8d8]
Event: 0.469 Thread 0x00000145660f9140 nmethod 677 0x000001454857f990 code [0x000001454857fb40, 0x00000145485800c8]
Event: 0.469 Thread 0x0000014566ad3af0  682       1       java.lang.reflect.Method::getName (5 bytes)
Event: 0.469 Thread 0x0000014566124950  683       3       java.util.ImmutableCollections$Set12::contains (28 bytes)
Event: 0.469 Thread 0x0000014566ad3af0 nmethod 682 0x0000014548580490 code [0x0000014548580620, 0x00000145485806d8]
Event: 0.470 Thread 0x0000014566124950 nmethod 683 0x000001454120af90 code [0x000001454120b140, 0x000001454120b498]
Event: 0.470 Thread 0x0000014566124950  684       3       sun.nio.cs.SingleByte$Encoder::encode (32 bytes)
Event: 0.470 Thread 0x0000014566124950 nmethod 684 0x000001454120b590 code [0x000001454120b740, 0x000001454120b8f8]

GC Heap History (0 events):
No events

Deoptimization events (8 events):
Event: 0.031 Thread 0x00000145384733d0 Uncommon trap: trap_request=0xffffff45 fr.pc=0x000001454855453c relative=0x000000000000021c
Event: 0.031 Thread 0x00000145384733d0 Uncommon trap: reason=unstable_if action=reinterpret pc=0x000001454855453c method=java.lang.String.hashCode()I @ 13 c2
Event: 0.031 Thread 0x00000145384733d0 DEOPT PACKING pc=0x000001454855453c sp=0x00000025be4fe390
Event: 0.031 Thread 0x00000145384733d0 DEOPT UNPACKING pc=0x00000145409fe42f sp=0x00000025be4fe320 mode 2
Event: 0.352 Thread 0x00000145384733d0 Uncommon trap: trap_request=0xffffff54 fr.pc=0x0000014548574ce0 relative=0x0000000000000060
Event: 0.352 Thread 0x00000145384733d0 Uncommon trap: reason=speculate_null_assert action=make_not_entrant pc=0x0000014548574ce0 method=sun.misc.Unsafe.putLong(Ljava/lang/Object;JJ)V @ 7 c2
Event: 0.352 Thread 0x00000145384733d0 DEOPT PACKING pc=0x0000014548574ce0 sp=0x00000025be4ff040
Event: 0.352 Thread 0x00000145384733d0 DEOPT UNPACKING pc=0x00000145409fe42f sp=0x00000025be4fefb8 mode 2

Classes unloaded (0 events):
No events

Classes redefined (0 events):
No events

Internal exceptions (20 events):
Event: 0.062 Thread 0x00000145384733d0 Exception <a 'java/lang/NoSuchMethodError'{0x0000000621b97528}: 'void java.lang.invoke.DirectMethodHandle$Holder.invokeStatic(java.lang.Object, java.lang.Object)'> (0x0000000621b97528) 
thrown [./src/hotspot/share/interpreter/linkResolver.cpp, line 782]
Event: 0.063 Thread 0x00000145384733d0 Exception <a 'java/lang/NoSuchMethodError'{0x0000000621b9d020}: 'void java.lang.invoke.DirectMethodHandle$Holder.invokeSpecial(java.lang.Object, java.lang.Object, java.lang.Object)'> (0x0000000621b9d020) 
thrown [./src/hotspot/share/interpreter/linkResolver.cpp, line 782]
Event: 0.065 Thread 0x00000145384733d0 Exception <a 'java/lang/NoSuchMethodError'{0x0000000621bb1c90}: 'java.lang.Object java.lang.invoke.DirectMethodHandle$Holder.invokeStatic(java.lang.Object, java.lang.Object, int)'> (0x0000000621bb1c90) 
thrown [./src/hotspot/share/interpreter/linkResolver.cpp, line 782]
Event: 0.065 Thread 0x00000145384733d0 Exception <a 'java/lang/NoSuchMethodError'{0x0000000621bbddd8}: 'void java.lang.invoke.DelegatingMethodHandle$Holder.delegate(java.lang.Object, java.lang.Object, int, java.lang.Object)'> (0x0000000621bbddd8) 
thrown [./src/hotspot/share/interpreter/linkResolver.cpp, line 782]
Event: 0.066 Thread 0x00000145384733d0 Exception <a 'java/lang/NoSuchMethodError'{0x0000000621bc2120}: 'int java.lang.invoke.DirectMethodHandle$Holder.invokeSpecial(java.lang.Object, java.lang.Object, java.lang.Object)'> (0x0000000621bc2120) 
thrown [./src/hotspot/share/interpreter/linkResolver.cpp, line 782]
Event: 0.081 Thread 0x00000145384733d0 Exception <a 'sun/nio/fs/WindowsException'{0x0000000621432b28}> (0x0000000621432b28) 
thrown [./src/hotspot/share/prims/jni.cpp, line 578]
Event: 0.081 Thread 0x00000145384733d0 Exception <a 'sun/nio/fs/WindowsException'{0x0000000621433078}> (0x0000000621433078) 
thrown [./src/hotspot/share/prims/jni.cpp, line 578]
Event: 0.087 Thread 0x00000145384733d0 Exception <a 'java/lang/NoSuchMethodError'{0x000000062146a430}: 'int java.lang.invoke.DirectMethodHandle$Holder.invokeStaticInit(java.lang.Object, java.lang.Object, int, long)'> (0x000000062146a430) 
thrown [./src/hotspot/share/interpreter/linkResolver.cpp, line 782]
Event: 0.088 Thread 0x00000145384733d0 Exception <a 'java/lang/NoSuchMethodError'{0x000000062146ff00}: 'java.lang.Object java.lang.invoke.DirectMethodHandle$Holder.newInvokeSpecial(java.lang.Object, java.lang.Object, int)'> (0x000000062146ff00) 
thrown [./src/hotspot/share/interpreter/linkResolver.cpp, line 782]
Event: 0.089 Thread 0x00000145384733d0 Exception <a 'java/lang/NoSuchMethodError'{0x000000062147fc90}: 'int java.lang.invoke.DirectMethodHandle$Holder.invokeStaticInit(java.lang.Object, java.lang.Object, long, long)'> (0x000000062147fc90) 
thrown [./src/hotspot/share/interpreter/linkResolver.cpp, line 782]
Event: 0.089 Thread 0x00000145384733d0 Exception <a 'java/lang/NoSuchMethodError'{0x0000000621486110}: 'java.lang.Object java.lang.invoke.DirectMethodHandle$Holder.newInvokeSpecial(java.lang.Object, java.lang.Object, long)'> (0x0000000621486110) 
thrown [./src/hotspot/share/interpreter/linkResolver.cpp, line 782]
Event: 0.090 Thread 0x00000145384733d0 Exception <a 'java/lang/NoSuchMethodError'{0x000000062148a258}: 'java.lang.Object java.lang.invoke.Invokers$Holder.linkToTargetMethod(java.lang.Object, long, java.lang.Object)'> (0x000000062148a258) 
thrown [./src/hotspot/share/interpreter/linkResolver.cpp, line 782]
Event: 0.090 Thread 0x00000145384733d0 Exception <a 'java/lang/NoSuchMethodError'{0x0000000621491c38}: 'int java.lang.invoke.DirectMethodHandle$Holder.invokeStaticInit(java.lang.Object, java.lang.Object, java.lang.Object, long)'> (0x0000000621491c38) 
thrown [./src/hotspot/share/interpreter/linkResolver.cpp, line 782]
Event: 0.101 Thread 0x00000145384733d0 Exception <a 'sun/nio/fs/WindowsException'{0x000000062154e9c0}> (0x000000062154e9c0) 
thrown [./src/hotspot/share/prims/jni.cpp, line 578]
Event: 0.101 Thread 0x00000145384733d0 Exception <a 'sun/nio/fs/WindowsException'{0x000000062154ed20}> (0x000000062154ed20) 
thrown [./src/hotspot/share/prims/jni.cpp, line 578]
Event: 0.348 Thread 0x00000145384733d0 Exception <a 'sun/nio/fs/WindowsException'{0x00000006215e5ea8}> (0x00000006215e5ea8) 
thrown [./src/hotspot/share/prims/jni.cpp, line 578]
Event: 0.348 Thread 0x00000145384733d0 Exception <a 'sun/nio/fs/WindowsException'{0x00000006215e6250}> (0x00000006215e6250) 
thrown [./src/hotspot/share/prims/jni.cpp, line 578]
Event: 0.350 Thread 0x00000145384733d0 Exception <a 'sun/nio/fs/WindowsException'{0x00000006215f2478}> (0x00000006215f2478) 
thrown [./src/hotspot/share/prims/jni.cpp, line 578]
Event: 0.350 Thread 0x00000145384733d0 Exception <a 'sun/nio/fs/WindowsException'{0x00000006215f2758}> (0x00000006215f2758) 
thrown [./src/hotspot/share/prims/jni.cpp, line 578]
Event: 0.393 Thread 0x00000145384733d0 Exception <a 'java/lang/NoSuchMethodError'{0x000000062179b518}: 'void java.lang.invoke.DirectMethodHandle$Holder.invokeStatic(java.lang.Object, long, int, int)'> (0x000000062179b518) 
thrown [./src/hotspot/share/interpreter/linkResolver.cpp, line 782]

Events (20 events):
Event: 0.349 Loaded shared library C:\Users\davit\AppData\Local\Temp\lwjgldavit\3.3.1-build-7\lwjgl_opengl.dll
Event: 0.355 Loaded shared library C:\Users\davit\AppData\Local\Temp\lwjgldavit\3.3.1-build-7\lwjgl.dll
Event: 0.373 Loaded shared library C:\Users\davit\AppData\Local\Temp\lwjgldavit\3.3.1-build-7\lwjgl_opengl.dll
Event: 0.394 loading class java/io/FileReader
Event: 0.394 loading class java/io/FileReader done
Event: 0.400 loading class java/io/Externalizable
Event: 0.400 loading class java/io/Externalizable done
Event: 0.402 Loaded shared library C:\Users\davit\.jdks\azul-15.0.6\bin\verify.dll
Event: 0.416 loading class jdk/internal/module/ModulePatcher$PatchedModuleReader
Event: 0.417 loading class jdk/internal/module/ModulePatcher$PatchedModuleReader done
Event: 0.417 loading class sun/net/www/protocol/jrt/Handler
Event: 0.417 loading class sun/net/www/protocol/jrt/Handler done
Event: 0.419 loading class sun/text/resources/cldr/FormatData_en
Event: 0.419 loading class sun/text/resources/cldr/FormatData_en done
Event: 0.419 loading class sun/text/resources/cldr/FormatData_en_US
Event: 0.419 loading class sun/text/resources/cldr/FormatData_en_US done
Event: 0.431 loading class java/lang/SecurityException
Event: 0.431 loading class java/lang/SecurityException done
Event: 0.470 loading class java/lang/StackTraceElement$HashedModules
Event: 0.470 loading class java/lang/StackTraceElement$HashedModules done


Dynamic libraries:
0x00007ff77e440000 - 0x00007ff77e44d000 	C:\Users\davit\.jdks\azul-15.0.6\bin\java.exe
0x00007ffdecde0000 - 0x00007ffdecfe9000 	C:\Windows\SYSTEM32\ntdll.dll
0x00007ffdeb3d0000 - 0x00007ffdeb48e000 	C:\Windows\System32\KERNEL32.DLL
0x00007ffdea860000 - 0x00007ffdeabdb000 	C:\Windows\System32\KERNELBASE.dll
0x00007ffdea2e0000 - 0x00007ffdea3f1000 	C:\Windows\System32\ucrtbase.dll
0x00007ffd3a5b0000 - 0x00007ffd3a5c8000 	C:\Users\davit\.jdks\azul-15.0.6\bin\jli.dll
0x00007ffd3a590000 - 0x00007ffd3a5a5000 	C:\Users\davit\.jdks\azul-15.0.6\bin\VCRUNTIME140.dll
0x00007ffdebff0000 - 0x00007ffdec19d000 	C:\Windows\System32\USER32.dll
0x00007ffdd8460000 - 0x00007ffdd8705000 	C:\Windows\WinSxS\amd64_microsoft.windows.common-controls_6595b64144ccf1df_6.0.22000.120_none_9d947278b86cc467\COMCTL32.dll
0x00007ffdea2b0000 - 0x00007ffdea2d6000 	C:\Windows\System32\win32u.dll
0x00007ffdebb60000 - 0x00007ffdebc03000 	C:\Windows\System32\msvcrt.dll
0x00007ffdeb4f0000 - 0x00007ffdeb519000 	C:\Windows\System32\GDI32.dll
0x00007ffdea400000 - 0x00007ffdea518000 	C:\Windows\System32\gdi32full.dll
0x00007ffdea520000 - 0x00007ffdea5bd000 	C:\Windows\System32\msvcp_win.dll
0x00007ffdeb520000 - 0x00007ffdeb552000 	C:\Windows\System32\IMM32.DLL
0x00007ffd20900000 - 0x00007ffd2099b000 	C:\Users\davit\.jdks\azul-15.0.6\bin\msvcp140.dll
0x00007ffd1fd60000 - 0x00007ffd208f3000 	C:\Users\davit\.jdks\azul-15.0.6\bin\server\jvm.dll
0x00007ffdeb190000 - 0x00007ffdeb23e000 	C:\Windows\System32\ADVAPI32.dll
0x00007ffdecc20000 - 0x00007ffdeccbe000 	C:\Windows\System32\sechost.dll
0x00007ffdebdb0000 - 0x00007ffdebed0000 	C:\Windows\System32\RPCRT4.dll
0x00007ffdeb360000 - 0x00007ffdeb368000 	C:\Windows\System32\PSAPI.DLL
0x00007ffde5210000 - 0x00007ffde5243000 	C:\Windows\SYSTEM32\WINMM.dll
0x00007ffdceb70000 - 0x00007ffdceb79000 	C:\Windows\SYSTEM32\WSOCK32.dll
0x00007ffde27f0000 - 0x00007ffde27fa000 	C:\Windows\SYSTEM32\VERSION.dll
0x00007ffdebaf0000 - 0x00007ffdebb5f000 	C:\Windows\System32\WS2_32.dll
0x00007ffde93e0000 - 0x00007ffde93f8000 	C:\Windows\SYSTEM32\kernel.appcore.dll
0x00007ffd38ea0000 - 0x00007ffd38eaa000 	C:\Users\davit\.jdks\azul-15.0.6\bin\jimage.dll
0x00007ffddef60000 - 0x00007ffddf181000 	C:\Windows\SYSTEM32\DBGHELP.DLL
0x00007ffdcf160000 - 0x00007ffdcf191000 	C:\Windows\SYSTEM32\dbgcore.DLL
0x00007ffdeabe0000 - 0x00007ffdeac5f000 	C:\Windows\System32\bcryptPrimitives.dll
0x00007ffd1fd30000 - 0x00007ffd1fd55000 	C:\Users\davit\.jdks\azul-15.0.6\bin\java.dll
0x00007ffdec440000 - 0x00007ffdecbf8000 	C:\Windows\System32\SHELL32.dll
0x00007ffde8370000 - 0x00007ffde8bd5000 	C:\Windows\SYSTEM32\windows.storage.dll
0x00007ffdead20000 - 0x00007ffdeb098000 	C:\Windows\System32\combase.dll
0x00007ffde8200000 - 0x00007ffde8366000 	C:\Windows\SYSTEM32\wintypes.dll
0x00007ffdeb0a0000 - 0x00007ffdeb18a000 	C:\Windows\System32\SHCORE.dll
0x00007ffdec1b0000 - 0x00007ffdec20d000 	C:\Windows\System32\shlwapi.dll
0x00007ffdea1e0000 - 0x00007ffdea201000 	C:\Windows\SYSTEM32\profapi.dll
0x00007ffd1fd10000 - 0x00007ffd1fd29000 	C:\Users\davit\.jdks\azul-15.0.6\bin\net.dll
0x00007ffde55f0000 - 0x00007ffde5704000 	C:\Windows\SYSTEM32\WINHTTP.dll
0x00007ffde9870000 - 0x00007ffde98d7000 	C:\Windows\system32\mswsock.dll
0x00007ffd1fcf0000 - 0x00007ffd1fd02000 	C:\Users\davit\.jdks\azul-15.0.6\bin\nio.dll
0x00007ffd1fcd0000 - 0x00007ffd1fce8000 	C:\Users\davit\.jdks\azul-15.0.6\bin\zip.dll
0x00007ffdd80f0000 - 0x00007ffdd8165000 	C:\Users\davit\AppData\Local\Temp\lwjgldavit\3.3.1-build-7\lwjgl.dll
0x00007ffdba000000 - 0x00007ffdba061000 	C:\Users\davit\AppData\Local\Temp\lwjgldavit\3.3.1-build-7\glfw.dll
0x00007ffdb2510000 - 0x00007ffdb2555000 	C:\Windows\SYSTEM32\dinput8.dll
0x00007ffd89480000 - 0x00007ffd89491000 	C:\Windows\SYSTEM32\xinput1_4.dll
0x00007ffde9f80000 - 0x00007ffde9fac000 	C:\Windows\SYSTEM32\DEVOBJ.dll
0x00007ffde9fd0000 - 0x00007ffdea01c000 	C:\Windows\SYSTEM32\cfgmgr32.dll
0x00007ffde7c00000 - 0x00007ffde7c2f000 	C:\Windows\SYSTEM32\dwmapi.dll
0x00007ffdd4980000 - 0x00007ffdd4b49000 	C:\Windows\SYSTEM32\inputhost.dll
0x00007ffde7370000 - 0x00007ffde74a1000 	C:\Windows\SYSTEM32\CoreMessaging.dll
0x00007ffde78c0000 - 0x00007ffde796c000 	C:\Windows\system32\uxtheme.dll
0x00007ffde9a60000 - 0x00007ffde9a6c000 	C:\Windows\SYSTEM32\CRYPTBASE.DLL
0x00007ffdeb9d0000 - 0x00007ffdebaed000 	C:\Windows\System32\MSCTF.dll
0x00007ffd47d20000 - 0x00007ffd47e21000 	C:\Windows\SYSTEM32\opengl32.dll
0x00007ffd47cf0000 - 0x00007ffd47d1d000 	C:\Windows\SYSTEM32\GLU32.dll
0x00007ffde7a60000 - 0x00007ffde7a98000 	C:\Windows\SYSTEM32\dxcore.dll
0x00007ffdeac60000 - 0x00007ffdead15000 	C:\Windows\System32\clbcatq.dll
0x00007ffd49c80000 - 0x00007ffd4cca7000 	C:\Windows\System32\DriverStore\FileRepository\nv_dispi.inf_amd64_31a2adf8c49e7799\nvoglv64.dll
0x00007ffdeb560000 - 0x00007ffdeb9cc000 	C:\Windows\System32\SETUPAPI.dll
0x00007ffdebc10000 - 0x00007ffdebdaa000 	C:\Windows\System32\ole32.dll
0x00007ffdeccc0000 - 0x00007ffdecd96000 	C:\Windows\System32\OLEAUT32.dll
0x00007ffde62d0000 - 0x00007ffde62e4000 	C:\Windows\SYSTEM32\WTSAPI32.dll
0x00007ffde9ba0000 - 0x00007ffde9bb2000 	C:\Windows\SYSTEM32\msasn1.dll
0x00007ffde26b0000 - 0x00007ffde26e1000 	C:\Windows\SYSTEM32\cryptnet.dll
0x00007ffdea6f0000 - 0x00007ffdea852000 	C:\Windows\System32\CRYPT32.dll
0x00007ffde0fb0000 - 0x00007ffde10f9000 	C:\Windows\SYSTEM32\drvstore.dll
0x00007ffde9af0000 - 0x00007ffde9b31000 	C:\Windows\SYSTEM32\wldp.dll
0x00007ffdea680000 - 0x00007ffdea6e8000 	C:\Windows\System32\WINTRUST.dll
0x00007ffde9400000 - 0x00007ffde9434000 	C:\Windows\SYSTEM32\ntmarta.dll
0x00007ffd9dce0000 - 0x00007ffd9dfa7000 	C:\Windows\system32\nvspcap64.dll
0x00007ffde8bf0000 - 0x00007ffde8c3d000 	C:\Windows\SYSTEM32\powrprof.dll
0x00007ffde8ce0000 - 0x00007ffde8cf3000 	C:\Windows\SYSTEM32\UMPDC.dll
0x00007ffde8e90000 - 0x00007ffde8ef4000 	C:\Windows\SYSTEM32\WINSTA.dll
0x00007ffdd4850000 - 0x00007ffdd497d000 	C:\Windows\SYSTEM32\textinputframework.dll
0x00007ffde4660000 - 0x00007ffde49cd000 	C:\Windows\SYSTEM32\CoreUIComponents.dll
0x00007ffdb1f00000 - 0x00007ffdb1f5d000 	C:\Users\davit\AppData\Local\Temp\lwjgldavit\3.3.1-build-7\lwjgl_opengl.dll
0x00007ffd1fcc0000 - 0x00007ffd1fcd0000 	C:\Users\davit\.jdks\azul-15.0.6\bin\verify.dll

dbghelp: loaded successfully - version: 4.0.5 - missing functions: none
symbol engine: initialized successfully - sym options: 0x614 - pdb path: .;C:\Users\davit\.jdks\azul-15.0.6\bin;C:\Windows\SYSTEM32;C:\Windows\WinSxS\amd64_microsoft.windows.common-controls_6595b64144ccf1df_6.0.22000.120_none_9d947278b86cc467;C:\Users\davit\.jdks\azul-15.0.6\bin\server;C:\Users\davit\AppData\Local\Temp\lwjgldavit\3.3.1-build-7;C:\Windows\System32\DriverStore\FileRepository\nv_dispi.inf_amd64_31a2adf8c49e7799

VM Arguments:
jvm_args: -Dfile.encoding=windows-1252 -Duser.country=US -Duser.language=en -Duser.variant 
java_command: IndexedTriangle
java_class_path (initial): C:\Users\davit\Downloads\OpenglJavaSample\build\classes\java\main;C:\Users\davit\Downloads\OpenglJavaSample\build\resources\main;C:\Users\davit\.gradle\caches\modules-2\files-2.1\org.lwjgl\lwjgl-glfw\3.3.1\cbac1b8d30cb4795149c1ef540f912671a8616d0\lwjgl-glfw-3.3.1.jar;C:\Users\davit\.gradle\caches\modules-2\files-2.1\org.lwjgl\lwjgl-glfw\3.3.1\ed892f945cf7e79c8756796f32d00fa4ceaf573b\lwjgl-glfw-3.3.1-natives-windows.jar;C:\Users\davit\.gradle\caches\modules-2\files-2.1\org.lwjgl\lwjgl-opengl\3.3.1\831a5533a21a5f4f81bbc51bb13e9899319b5411\lwjgl-opengl-3.3.1.jar;C:\Users\davit\.gradle\caches\modules-2\files-2.1\org.lwjgl\lwjgl-opengl\3.3.1\c1807e9bd571402787d7e37e3029776ae2513bb8\lwjgl-opengl-3.3.1-natives-windows.jar;C:\Users\davit\.gradle\caches\modules-2\files-2.1\org.lwjgl\lwjgl-stb\3.3.1\b119297cf8ed01f247abe8685857f8e7fcf5980f\lwjgl-stb-3.3.1.jar;C:\Users\davit\.gradle\caches\modules-2\files-2.1\org.lwjgl\lwjgl-stb\3.3.1\86315914ac119efdb02dc9e8e978ade84f1702af\lwjgl-stb-3.3.1-natives-windows.jar;C:\Users\davit\.gradle\caches\modules-2\files-2.1\org.lwjgl\lwjgl\3.3.1\ae58664f88e18a9bb2c77b063833ca7aaec484cb\lwjgl-3.3.1.jar;C:\Users\davit\.gradle\caches\modules-2\files-2.1\org.lwjgl\lwjgl\3.3.1\36c37f16ab611b3aa11f3bcf80b1d509b4ce6b\lwjgl-3.3.1-natives-windows.jar;C:\Users\davit\.gradle\caches\modules-2\files-2.1\org.joml\joml\1.10.4\19cb0a0f0f8a938785ebd5b2a2268ea2e65dabae\joml-1.10.4.jar
Launcher Type: SUN_STANDARD

[Global flags]
     intx CICompilerCount                          = 12                                        {product} {ergonomic}
     uint ConcGCThreads                            = 3                                         {product} {ergonomic}
     uint G1ConcRefinementThreads                  = 13                                        {product} {ergonomic}
   size_t G1HeapRegionSize                         = 4194304                                   {product} {ergonomic}
    uintx GCDrainStackTargetSize                   = 64                                        {product} {ergonomic}
   size_t InitialHeapSize                          = 536870912                                 {product} {ergonomic}
   size_t MarkStackSize                            = 4194304                                   {product} {ergonomic}
   size_t MaxHeapSize                              = 8560574464                                {product} {ergonomic}
   size_t MaxNewSize                               = 5133828096                                {product} {ergonomic}
   size_t MinHeapDeltaBytes                        = 4194304                                   {product} {ergonomic}
   size_t MinHeapSize                              = 8388608                                   {product} {ergonomic}
    uintx NonNMethodCodeHeapSize                   = 7602480                                {pd product} {ergonomic}
    uintx NonProfiledCodeHeapSize                  = 122027880                              {pd product} {ergonomic}
    uintx ProfiledCodeHeapSize                     = 122027880                              {pd product} {ergonomic}
    uintx ReservedCodeCacheSize                    = 251658240                              {pd product} {ergonomic}
     bool SegmentedCodeCache                       = true                                      {product} {ergonomic}
   size_t SoftMaxHeapSize                          = 8560574464                             {manageable} {ergonomic}
     bool UseCompressedClassPointers               = true                                 {lp64_product} {ergonomic}
     bool UseCompressedOops                        = true                                 {lp64_product} {ergonomic}
     bool UseG1GC                                  = true                                      {product} {ergonomic}
     bool UseLargePagesIndividualAllocation        = false                                  {pd product} {ergonomic}

Logging:
Log output configuration:
 #0: stdout all=warning uptime,level,tags
 #1: stderr all=off uptime,level,tags

Environment Variables:
PATH=C:\Program Files\Common Files\Oracle\Java\javapath;C:\Program Files (x86)\Common Files\Oracle\Java\javapath;C:\Windows\system32;C:\Windows;C:\Windows\System32\Wbem;C:\Windows\System32\WindowsPowerShell\v1.0\;C:\Windows\System32\OpenSSH\;C:\Program Files\NVIDIA Corporation\NVIDIA NvDLISR;C:\Program Files (x86)\NVIDIA Corporation\PhysX\Common;C:\Program Files\Git\cmd;C:\Program Files\nodejs\;C:\Program Files (x86)\GnuWin32\bin;C:\Program Files\dotnet\;C:\Users\davit\AppData\Local\Programs\Python\Python310\Scripts\;C:\Users\davit\AppData\Local\Programs\Python\Python310\;C:\Program Files\Java\jdk-17.0.2\bin;C:\Users\davit\AppData\Local\Programs\Microsoft VS Code\bin;C:\Users\davit\AppData\Local\JetBrains\Toolbox\scripts
USERNAME=davit
OS=Windows_NT
PROCESSOR_IDENTIFIER=AMD64 Family 25 Model 33 Stepping 0, AuthenticAMD



---------------  S Y S T E M  ---------------

OS:
 Windows 11 , 64 bit Build 22000 (10.0.22000.1219)
OS uptime: 0 days 9:32 hours
HyperV virtualization detected

CPU: total 16 (initial active 16) (16 cores per cpu, 2 threads per core) family 25 model 33 stepping 0 microcode 0x0, cmov, cx8, fxsr, mmx, sse, sse2, sse3, ssse3, sse4.1, sse4.2, popcnt, vzeroupper, avx, avx2, aes, clmul, erms, 3dnowpref, lzcnt, sse4a, ht, tsc, tscinvbit, tscinv, bmi1, bmi2, adx, sha, fma, clflush, clflushopt

Memory: 4k page, system-wide physical 32649M (17177M free)
TotalPageFile size 37513M (AvailPageFile size 13147M)
current process WorkingSet (physical memory assigned to process): 91M, peak: 91M
current process commit charge ("private bytes"): 672M, peak: 674M

vm_info: OpenJDK 64-Bit Server VM (15.0.6+5-MTS) for windows-amd64 JRE (15.0.6+5-MTS) (Zulu15.38+17-CA), built on Dec 28 2021 08:32:49 by "zulu_re" with MS VC++ 15.9 (VS2017)

END.
